<?xml version="1.0" encoding="UTF-8"?>
<!-- Generated by org.testng.reporters.JUnitXMLReporter -->
<testsuite hostname="Subodh-PC" ignored="0" name="Default test" tests="15" failures="0" timestamp="09 Feb 2023 16:15:55 GMT" time="0.125" errors="0">
  <testcase name="getParamValue" time="0.0" classname="misc.MavenExecutionDemo"/>
  <testcase name="getEnvValue" time="0.0" classname="misc.MavenExecutionDemo"/>
  <testcase name="getEnvValue" time="0.0" classname="misc.Group2Demo"/>
  <testcase name="getEnvValue" time="0.0" classname="misc.Group1Demo"/>
  <testcase name="getPropValue" time="0.0" classname="misc.MavenExecutionDemo"/>
  <testcase name="getPropValue" time="0.0" classname="misc.Group2Demo"/>
  <testcase name="getPropValue" time="0.015" classname="misc.Group1Demo"/>
  <testcase name="getParamValue2" time="0.0" classname="misc.MavenExecutionDemo"/>
  <testcase name="getParamValue2" time="0.0" classname="misc.Group2Demo"/>
  <testcase name="getParamValue2" time="0.0" classname="misc.Group1Demo"/>
  <testcase name="getPropValue2" time="0.0" classname="misc.MavenExecutionDemo"/>
  <testcase name="getPropValue2" time="0.0" classname="misc.Group2Demo"/>
  <testcase name="getPropValue2" time="0.0" classname="misc.Group1Demo"/>
  <testcase name="getParamValue" time="0.0" classname="misc.Group1Demo"/>
  <testcase name="getParamValue" time="0.0" classname="misc.Group2Demo"/>
</testsuite> <!-- Default test -->
