<?xml version="1.0" encoding="UTF-8"?>
<!-- Generated by org.testng.reporters.JUnitXMLReporter -->
<testsuite hostname="Subodh-PC" ignored="2" name="Test" tests="2" failures="0" timestamp="10 Feb 2023 02:08:11 GMT" time="0.044" errors="0">
  <testcase name="getEnvValue" time="0.01" classname="misc.Group2Demo"/>
  <testcase name="getEnvValue" time="0.003" classname="misc.Group1Demo"/>
  <testcase name="getParamValue" time="0.0" classname="misc.Group2Demo">
    <ignored/>
  </testcase> <!-- getParamValue -->
  <testcase name="getParamValue" time="0.0" classname="misc.Group1Demo">
    <ignored/>
  </testcase> <!-- getParamValue -->
</testsuite> <!-- Test -->
