<?xml version="1.0" encoding="UTF-8"?>
<testsuite xmlns:xsi="http://www.w3.org/2001/XMLSchema-instance" xsi:noNamespaceSchemaLocation="https://maven.apache.org/surefire/maven-surefire-plugin/xsd/surefire-test-report-3.0.xsd" version="3.0" name="TestSuite" time="2.268" tests="4" errors="0" skipped="0" failures="0">
  <properties>
[...]
</properties>
  <testcase name="getEnvValue" classname="misc.Group2Demo" time="0.004">
    <system-out><![CDATA[[TestNGContentHandler] [WARN] It is strongly recommended to add "<!DOCTYPE suite SYSTEM "http://testng.org/testng-1.0.dtd" >" at the top of your file, otherwise TestNG may fail or not work as expected.
[TestNGContentHandler] [WARN] It is strongly recommended to add "<!DOCTYPE suite SYSTEM "http://testng.org/testng-1.0.dtd" >" at the top of your file, otherwise TestNG may fail or not work as expected.
[TestNGContentHandler] [WARN] It is strongly recommended to add "<!DOCTYPE suite SYSTEM "http://testng.org/testng-1.0.dtd" >" at the top of your file, otherwise TestNG may fail or not work as expected.
Env variable value of Group2Demo is: null
Env variable value of Group2Demo is: null
]]></system-out>
  </testcase>
  <testcase name="getEnvValue" classname="misc.Group2Demo" time="0.006"/>
  <testcase name="getEnvValue" classname="misc.Group1Demo" time="0.002">
    <system-out><![CDATA[Env variable of Group1Demo value is: null
Env variable of Group1Demo value is: null
]]></system-out>
  </testcase>
  <testcase name="getEnvValue" classname="misc.Group1Demo" time="0.002"/>
</testsuite>