<?xml version="1.0" encoding="UTF-8"?>
<!-- Generated by org.testng.reporters.JUnitXMLReporter -->
<testsuite hostname="Subodh-PC" ignored="2" name="Test" tests="8" failures="0" timestamp="09 Feb 2023 12:40:02 GMT" time="0.088" errors="0">
  <testcase name="getEnvValue" time="0.005" classname="misc.Group2Demo"/>
  <testcase name="getEnvValue" time="0.001" classname="misc.Group1Demo"/>
  <testcase name="getPropValue" time="0.003" classname="misc.Group2Demo"/>
  <testcase name="getPropValue" time="0.003" classname="misc.Group1Demo"/>
  <testcase name="getParamValue2" time="0.006" classname="misc.Group2Demo"/>
  <testcase name="getParamValue2" time="0.001" classname="misc.Group1Demo"/>
  <testcase name="getPropValue2" time="0.003" classname="misc.Group2Demo"/>
  <testcase name="getPropValue2" time="0.001" classname="misc.Group1Demo"/>
  <testcase name="getParamValue" time="0.0" classname="misc.Group2Demo">
    <ignored/>
  </testcase> <!-- getParamValue -->
  <testcase name="getParamValue" time="0.0" classname="misc.Group1Demo">
    <ignored/>
  </testcase> <!-- getParamValue -->
</testsuite> <!-- Test -->
